<?xml version="1.0" encoding="UTF-8"?>
<testng-results ignored="0" total="1" passed="1" failed="0" skipped="0">
  <reporter-output>
  </reporter-output>
  <suite started-at="2023-06-12T13:09:52 IST" name="Default suite" finished-at="2023-06-12T13:09:57 IST" duration-ms="5539">
    <groups>
    </groups>
    <test started-at="2023-06-12T13:09:52 IST" name="Default test" finished-at="2023-06-12T13:09:57 IST" duration-ms="5539">
      <class name="com.testcases.PostRequest">
        <test-method signature="postNewrecord()[pri:0, instance:com.testcases.PostRequest@62e7f11d]" started-at="2023-06-12T13:09:52 IST" name="postNewrecord" finished-at="2023-06-12T13:09:57 IST" duration-ms="5426" status="PASS">
          <reporter-output>
          </reporter-output>
        </test-method> <!-- postNewrecord -->
      </class> <!-- com.testcases.PostRequest -->
    </test> <!-- Default test -->
  </suite> <!-- Default suite -->
</testng-results>
