<?xml version="1.0" encoding="UTF-8"?>
<testng-results ignored="0" total="1" passed="1" failed="0" skipped="0">
  <reporter-output>
  </reporter-output>
  <suite started-at="2023-06-15T10:31:12 IST" name="Default suite" finished-at="2023-06-15T10:31:16 IST" duration-ms="3363">
    <groups>
    </groups>
    <test started-at="2023-06-15T10:31:12 IST" name="Default test" finished-at="2023-06-15T10:31:16 IST" duration-ms="3363">
      <class name="com.testcases.DeleteRequest">
        <test-method signature="deleteMethod()[pri:0, instance:com.testcases.DeleteRequest@62e7f11d]" started-at="2023-06-15T10:31:12 IST" name="deleteMethod" finished-at="2023-06-15T10:31:16 IST" duration-ms="3291" status="PASS">
          <reporter-output>
          </reporter-output>
        </test-method> <!-- deleteMethod -->
      </class> <!-- com.testcases.DeleteRequest -->
    </test> <!-- Default test -->
  </suite> <!-- Default suite -->
</testng-results>
